{
  message: 'Process exiting...',
  level: 'info',
  service: 'ImageUploadService'
}
{
  message: 'Process exiting...',
  level: 'info',
  service: 'ImageUploadService'
}
{
  message: 'Process exiting...',
  level: 'info',
  service: 'ImageUploadService'
}
{
  message: 'Process exiting...',
  level: 'info',
  service: 'ImageUploadService'
}
{
  message: 'Process exiting...',
  level: 'info',
  service: 'ImageUploadService'
}
{
  message: 'Process exiting...',
  level: 'info',
  service: 'ImageUploadService'
}
{
  message: 'Process exiting...',
  level: 'info',
  service: 'ImageUploadService'
}
{
  message: 'Process exiting...',
  level: 'info',
  service: 'ImageUploadService'
}
{
  message: 'Process exiting...',
  level: 'info',
  service: 'ImageUploadService'
}
{
  message: 'Process exiting...',
  level: 'info',
  service: 'ImageUploadService'
}
{
  message: 'Process exiting...',
  level: 'info',
  service: 'ImageUploadService'
}
{
  message: 'Process exiting...',
  level: 'info',
  service: 'ImageUploadService'
}
{
  message: 'Process exiting...',
  level: 'info',
  service: 'ImageUploadService'
}
{
  message: 'Swagger docs available at /docs',
  level: 'info',
  service: 'ImageUploadService'
}
{
  message: 'Testing DB connection...',
  level: 'info',
  service: 'ImageUploadService'
}
{
  message: 'S3 connection failed: UnknownError',
  level: 'error',
  service: 'ImageUploadService'
}
{
  service: 'ImageUploadService',
  message: 'Database error:  \n' +
    'Invalid `prisma.$queryRaw()` invocation:\n' +
    '\n' +
    '\n' +
    "Can't reach database server at `db.zyrvugjmftgzskdsszmx.supabase.co:5432`\n" +
    '\n' +
    'Please make sure your database server is running at `db.zyrvugjmftgzskdsszmx.supabase.co:5432`.',
  target: '$queryRaw',
  timestamp: 2025-07-01T12:37:17.412Z,
  level: 'error'
}
{
  service: 'ImageUploadService',
  clientVersion: '6.10.1',
  errorCode: undefined,
  retryable: undefined,
  name: 'PrismaClientInitializationError',
  level: 'error',
  message: 'Database connection atempt 1 failed:  \n' +
    'Invalid `prisma.$queryRaw()` invocation:\n' +
    '\n' +
    '\n' +
    "Can't reach database server at `db.zyrvugjmftgzskdsszmx.supabase.co:5432`\n" +
    '\n' +
    'Please make sure your database server is running at `db.zyrvugjmftgzskdsszmx.supabase.co:5432`.',
  stack: 'PrismaClientInitializationError: \n' +
    'Invalid `prisma.$queryRaw()` invocation:\n' +
    '\n' +
    '\n' +
    "Can't reach database server at `db.zyrvugjmftgzskdsszmx.supabase.co:5432`\n" +
    '\n' +
    'Please make sure your database server is running at `db.zyrvugjmftgzskdsszmx.supabase.co:5432`.\n' +
    '    at Zn.handleRequestError (C:\\Projects\\image-uploader\\node_modules\\@prisma\\client\\runtime\\library.js:121:7759)\n' +
    '    at Zn.handleAndLogRequestError (C:\\Projects\\image-uploader\\node_modules\\@prisma\\client\\runtime\\library.js:121:6784)\n' +
    '    at Zn.request (C:\\Projects\\image-uploader\\node_modules\\@prisma\\client\\runtime\\library.js:121:6491)\n' +
    '    at async l (C:\\Projects\\image-uploader\\node_modules\\@prisma\\client\\runtime\\library.js:130:9778)\n' +
    '    at async PrismaService.testConnection (C:\\Projects\\image-uploader\\config\\dbConfig.js:59:17)\n' +
    '    at async C:\\Projects\\image-uploader\\server.js:24:25'
}
{
  message: 'Database connection established successfully',
  level: 'info',
  service: 'ImageUploadService'
}
{
  message: 'Server running on ::: 3000',
  level: 'info',
  service: 'ImageUploadService'
}
{
  message: 'Swagger docs: http://localhost:3000/docs',
  level: 'info',
  service: 'ImageUploadService'
}
{
  message: 'Incoming request: GET /docs',
  level: 'info',
  service: 'ImageUploadService'
}
{
  message: 'Incoming request: GET /docs/',
  level: 'info',
  service: 'ImageUploadService'
}
{
  message: 'Incoming request: GET /docs/swagger-ui.css',
  level: 'info',
  service: 'ImageUploadService'
}
{
  message: 'Incoming request: GET /docs/swagger-ui-bundle.js',
  level: 'info',
  service: 'ImageUploadService'
}
{
  message: 'Incoming request: GET /docs/swagger-ui-standalone-preset.js',
  level: 'info',
  service: 'ImageUploadService'
}
{
  message: 'Incoming request: GET /docs/swagger-ui-init.js',
  level: 'info',
  service: 'ImageUploadService'
}
{
  message: 'Incoming request: GET /docs/favicon-32x32.png',
  level: 'info',
  service: 'ImageUploadService'
}
{
  service: 'ImageUploadService',
  timestamp: 2025-07-01T12:41:53.181Z,
  message: 'Database error:  Error in PostgreSQL connection: Error { kind: Closed, cause: None }',
  target: 'quaint::connector::postgres::native',
  level: 'error'
}
{
  message: 'Swagger docs available at /docs',
  level: 'info',
  service: 'ImageUploadService'
}
{
  message: 'Testing DB connection...',
  level: 'info',
  service: 'ImageUploadService'
}
{
  service: 'ImageUploadService',
  message: 'Database error:  \n' +
    'Invalid `prisma.$queryRaw()` invocation:\n' +
    '\n' +
    '\n' +
    "Can't reach database server at `db.zyrvugjmftgzskdsszmx.supabase.co:5432`\n" +
    '\n' +
    'Please make sure your database server is running at `db.zyrvugjmftgzskdsszmx.supabase.co:5432`.',
  target: '$queryRaw',
  timestamp: 2025-07-01T14:41:42.819Z,
  level: 'error'
}
{
  service: 'ImageUploadService',
  clientVersion: '6.10.1',
  errorCode: undefined,
  retryable: undefined,
  name: 'PrismaClientInitializationError',
  level: 'error',
  message: 'Database connection atempt 1 failed:  \n' +
    'Invalid `prisma.$queryRaw()` invocation:\n' +
    '\n' +
    '\n' +
    "Can't reach database server at `db.zyrvugjmftgzskdsszmx.supabase.co:5432`\n" +
    '\n' +
    'Please make sure your database server is running at `db.zyrvugjmftgzskdsszmx.supabase.co:5432`.',
  stack: 'PrismaClientInitializationError: \n' +
    'Invalid `prisma.$queryRaw()` invocation:\n' +
    '\n' +
    '\n' +
    "Can't reach database server at `db.zyrvugjmftgzskdsszmx.supabase.co:5432`\n" +
    '\n' +
    'Please make sure your database server is running at `db.zyrvugjmftgzskdsszmx.supabase.co:5432`.\n' +
    '    at Zn.handleRequestError (C:\\Projects\\image-uploader\\node_modules\\@prisma\\client\\runtime\\library.js:121:7759)\n' +
    '    at Zn.handleAndLogRequestError (C:\\Projects\\image-uploader\\node_modules\\@prisma\\client\\runtime\\library.js:121:6784)\n' +
    '    at Zn.request (C:\\Projects\\image-uploader\\node_modules\\@prisma\\client\\runtime\\library.js:121:6491)\n' +
    '    at async l (C:\\Projects\\image-uploader\\node_modules\\@prisma\\client\\runtime\\library.js:130:9778)\n' +
    '    at async PrismaService.testConnection (C:\\Projects\\image-uploader\\config\\dbConfig.js:59:17)\n' +
    '    at async C:\\Projects\\image-uploader\\server.js:18:25'
}
{
  service: 'ImageUploadService',
  message: 'Database error:  \n' +
    'Invalid `prisma.$queryRaw()` invocation:\n' +
    '\n' +
    '\n' +
    "Can't reach database server at `db.zyrvugjmftgzskdsszmx.supabase.co:5432`\n" +
    '\n' +
    'Please make sure your database server is running at `db.zyrvugjmftgzskdsszmx.supabase.co:5432`.',
  target: '$queryRaw',
  timestamp: 2025-07-01T14:41:49.002Z,
  level: 'error'
}
{
  service: 'ImageUploadService',
  clientVersion: '6.10.1',
  errorCode: undefined,
  retryable: undefined,
  name: 'PrismaClientInitializationError',
  level: 'error',
  message: 'Database connection atempt 2 failed:  \n' +
    'Invalid `prisma.$queryRaw()` invocation:\n' +
    '\n' +
    '\n' +
    "Can't reach database server at `db.zyrvugjmftgzskdsszmx.supabase.co:5432`\n" +
    '\n' +
    'Please make sure your database server is running at `db.zyrvugjmftgzskdsszmx.supabase.co:5432`.',
  stack: 'PrismaClientInitializationError: \n' +
    'Invalid `prisma.$queryRaw()` invocation:\n' +
    '\n' +
    '\n' +
    "Can't reach database server at `db.zyrvugjmftgzskdsszmx.supabase.co:5432`\n" +
    '\n' +
    'Please make sure your database server is running at `db.zyrvugjmftgzskdsszmx.supabase.co:5432`.\n' +
    '    at Zn.handleRequestError (C:\\Projects\\image-uploader\\node_modules\\@prisma\\client\\runtime\\library.js:121:7759)\n' +
    '    at Zn.handleAndLogRequestError (C:\\Projects\\image-uploader\\node_modules\\@prisma\\client\\runtime\\library.js:121:6784)\n' +
    '    at Zn.request (C:\\Projects\\image-uploader\\node_modules\\@prisma\\client\\runtime\\library.js:121:6491)\n' +
    '    at async l (C:\\Projects\\image-uploader\\node_modules\\@prisma\\client\\runtime\\library.js:130:9778)\n' +
    '    at async PrismaService.testConnection (C:\\Projects\\image-uploader\\config\\dbConfig.js:59:17)\n' +
    '    at async C:\\Projects\\image-uploader\\server.js:18:25'
}
{
  service: 'ImageUploadService',
  message: 'Database error:  \n' +
    'Invalid `prisma.$queryRaw()` invocation:\n' +
    '\n' +
    '\n' +
    "Can't reach database server at `db.zyrvugjmftgzskdsszmx.supabase.co:5432`\n" +
    '\n' +
    'Please make sure your database server is running at `db.zyrvugjmftgzskdsszmx.supabase.co:5432`.',
  target: '$queryRaw',
  timestamp: 2025-07-01T14:41:50.317Z,
  level: 'error'
}
{
  message: 'Swagger docs available at /docs',
  level: 'info',
  service: 'ImageUploadService'
}
{
  message: 'Testing DB connection...',
  level: 'info',
  service: 'ImageUploadService'
}
{
  message: 'S3 connection failed: UnknownError',
  level: 'error',
  service: 'ImageUploadService'
}
{
  message: 'Database connection established successfully',
  level: 'info',
  service: 'ImageUploadService'
}
{
  message: 'Server running on ::: 3000',
  level: 'info',
  service: 'ImageUploadService'
}
{
  message: 'Swagger docs: http://localhost:3000/docs',
  level: 'info',
  service: 'ImageUploadService'
}
{
  service: 'ImageUploadService',
  timestamp: 2025-07-01T14:49:20.625Z,
  message: 'Database error:  Error in PostgreSQL connection: Error { kind: Closed, cause: None }',
  target: 'quaint::connector::postgres::native',
  level: 'error'
}
{
  message: 'Swagger docs available at /docs',
  level: 'info',
  service: 'ImageUploadService'
}
{
  message: 'Testing DB connection...',
  level: 'info',
  service: 'ImageUploadService'
}
{
  service: 'ImageUploadService',
  message: 'Database error:  \n' +
    'Invalid `prisma.$queryRaw()` invocation:\n' +
    '\n' +
    '\n' +
    "Can't reach database server at `db.zyrvugjmftgzskdsszmx.supabase.co:5432`\n" +
    '\n' +
    'Please make sure your database server is running at `db.zyrvugjmftgzskdsszmx.supabase.co:5432`.',
  target: '$queryRaw',
  timestamp: 2025-07-01T14:58:08.469Z,
  level: 'error'
}
{
  service: 'ImageUploadService',
  clientVersion: '6.10.1',
  errorCode: undefined,
  retryable: undefined,
  name: 'PrismaClientInitializationError',
  level: 'error',
  message: 'Database connection atempt 1 failed:  \n' +
    'Invalid `prisma.$queryRaw()` invocation:\n' +
    '\n' +
    '\n' +
    "Can't reach database server at `db.zyrvugjmftgzskdsszmx.supabase.co:5432`\n" +
    '\n' +
    'Please make sure your database server is running at `db.zyrvugjmftgzskdsszmx.supabase.co:5432`.',
  stack: 'PrismaClientInitializationError: \n' +
    'Invalid `prisma.$queryRaw()` invocation:\n' +
    '\n' +
    '\n' +
    "Can't reach database server at `db.zyrvugjmftgzskdsszmx.supabase.co:5432`\n" +
    '\n' +
    'Please make sure your database server is running at `db.zyrvugjmftgzskdsszmx.supabase.co:5432`.\n' +
    '    at Zn.handleRequestError (C:\\Projects\\image-uploader\\node_modules\\@prisma\\client\\runtime\\library.js:121:7759)\n' +
    '    at Zn.handleAndLogRequestError (C:\\Projects\\image-uploader\\node_modules\\@prisma\\client\\runtime\\library.js:121:6784)\n' +
    '    at Zn.request (C:\\Projects\\image-uploader\\node_modules\\@prisma\\client\\runtime\\library.js:121:6491)\n' +
    '    at async l (C:\\Projects\\image-uploader\\node_modules\\@prisma\\client\\runtime\\library.js:130:9778)\n' +
    '    at async PrismaService.testConnection (C:\\Projects\\image-uploader\\config\\dbConfig.js:59:17)\n' +
    '    at async C:\\Projects\\image-uploader\\server.js:18:25'
}
{
  message: 'S3 connection failed: getaddrinfo EAI_AGAIN dummy-bucket.s3.us-east-1.amazonaws.com',
  level: 'error',
  service: 'ImageUploadService'
}
{
  service: 'ImageUploadService',
  message: 'Database error:  \n' +
    'Invalid `prisma.$queryRaw()` invocation:\n' +
    '\n' +
    '\n' +
    "Can't reach database server at `db.zyrvugjmftgzskdsszmx.supabase.co:5432`\n" +
    '\n' +
    'Please make sure your database server is running at `db.zyrvugjmftgzskdsszmx.supabase.co:5432`.',
  target: '$queryRaw',
  timestamp: 2025-07-01T14:58:11.684Z,
  level: 'error'
}
{
  service: 'ImageUploadService',
  clientVersion: '6.10.1',
  errorCode: undefined,
  retryable: undefined,
  name: 'PrismaClientInitializationError',
  level: 'error',
  message: 'Database connection atempt 2 failed:  \n' +
    'Invalid `prisma.$queryRaw()` invocation:\n' +
    '\n' +
    '\n' +
    "Can't reach database server at `db.zyrvugjmftgzskdsszmx.supabase.co:5432`\n" +
    '\n' +
    'Please make sure your database server is running at `db.zyrvugjmftgzskdsszmx.supabase.co:5432`.',
  stack: 'PrismaClientInitializationError: \n' +
    'Invalid `prisma.$queryRaw()` invocation:\n' +
    '\n' +
    '\n' +
    "Can't reach database server at `db.zyrvugjmftgzskdsszmx.supabase.co:5432`\n" +
    '\n' +
    'Please make sure your database server is running at `db.zyrvugjmftgzskdsszmx.supabase.co:5432`.\n' +
    '    at Zn.handleRequestError (C:\\Projects\\image-uploader\\node_modules\\@prisma\\client\\runtime\\library.js:121:7759)\n' +
    '    at Zn.handleAndLogRequestError (C:\\Projects\\image-uploader\\node_modules\\@prisma\\client\\runtime\\library.js:121:6784)\n' +
    '    at Zn.request (C:\\Projects\\image-uploader\\node_modules\\@prisma\\client\\runtime\\library.js:121:6491)\n' +
    '    at async l (C:\\Projects\\image-uploader\\node_modules\\@prisma\\client\\runtime\\library.js:130:9778)\n' +
    '    at async PrismaService.testConnection (C:\\Projects\\image-uploader\\config\\dbConfig.js:59:17)\n' +
    '    at async C:\\Projects\\image-uploader\\server.js:18:25'
}
{
  service: 'ImageUploadService',
  message: 'Database error:  \n' +
    'Invalid `prisma.$queryRaw()` invocation:\n' +
    '\n' +
    '\n' +
    "Can't reach database server at `db.zyrvugjmftgzskdsszmx.supabase.co:5432`\n" +
    '\n' +
    'Please make sure your database server is running at `db.zyrvugjmftgzskdsszmx.supabase.co:5432`.',
  target: '$queryRaw',
  timestamp: 2025-07-01T14:58:14.592Z,
  level: 'error'
}
{
  message: 'Swagger docs available at /docs',
  level: 'info',
  service: 'ImageUploadService'
}
{
  message: 'Testing DB connection...',
  level: 'info',
  service: 'ImageUploadService'
}
{
  message: 'Database connection established successfully',
  level: 'info',
  service: 'ImageUploadService'
}
{
  message: 'Server running on ::: 3000',
  level: 'info',
  service: 'ImageUploadService'
}
{
  message: 'Swagger docs: http://localhost:3000/docs',
  level: 'info',
  service: 'ImageUploadService'
}
{
  message: 'S3 connection failed: UnknownError',
  level: 'error',
  service: 'ImageUploadService'
}
{
  message: 'Gracefully shutting down...',
  level: 'info',
  service: 'ImageUploadService'
}
{
  message: 'Database disconnected successfully',
  level: 'info',
  service: 'ImageUploadService'
}
